::1 - - [21/Jan/2019:15:31:35 +0000] "POST /grades HTTP/1.1" 400 1024 "-" "PostmanRuntime/7.4.0"
::1 - - [21/Jan/2019:15:34:48 +0000] "POST /grades HTTP/1.1" - - "-" "PostmanRuntime/7.4.0"
::1 - - [21/Jan/2019:15:36:00 +0000] "POST /grades HTTP/1.1" 400 1024 "-" "PostmanRuntime/7.4.0"
::1 - - [21/Jan/2019:15:41:59 +0000] "POST /grades HTTP/1.1" 400 1024 "-" "PostmanRuntime/7.4.0"
::1 - - [21/Jan/2019:15:43:04 +0000] "POST /grades HTTP/1.1" 200 19 "-" "PostmanRuntime/7.4.0"
::1 - - [21/Jan/2019:15:43:27 +0000] "POST /grades HTTP/1.1" 400 1024 "-" "PostmanRuntime/7.4.0"
::1 - - [21/Jan/2019:15:48:01 +0000] "POST /grades HTTP/1.1" 200 19 "-" "PostmanRuntime/7.4.0"
::1 - - [21/Jan/2019:15:48:39 +0000] "POST /grades HTTP/1.1" 200 19 "-" "PostmanRuntime/7.4.0"
::1 - - [21/Jan/2019:15:50:41 +0000] "POST /grades HTTP/1.1" 500 151 "-" "PostmanRuntime/7.4.0"
::1 - - [21/Jan/2019:15:51:16 +0000] "POST /grades HTTP/1.1" 500 151 "-" "PostmanRuntime/7.4.0"
::1 - - [21/Jan/2019:15:52:33 +0000] "POST /grades HTTP/1.1" 500 151 "-" "PostmanRuntime/7.4.0"
::1 - - [21/Jan/2019:15:53:07 +0000] "POST /grades HTTP/1.1" 200 19 "-" "PostmanRuntime/7.4.0"
::1 - - [21/Jan/2019:15:54:27 +0000] "POST /grades HTTP/1.1" 500 19 "-" "PostmanRuntime/7.4.0"
::1 - - [21/Jan/2019:16:03:10 +0000] "POST /grades HTTP/1.1" 500 - "-" "PostmanRuntime/7.4.0"
::1 - - [21/Jan/2019:16:03:45 +0000] "POST /grades HTTP/1.1" 500 25 "-" "PostmanRuntime/7.4.0"
::1 - - [21/Jan/2019:16:04:05 +0000] "POST /grades HTTP/1.1" 500 - "-" "PostmanRuntime/7.4.0"
::1 - - [21/Jan/2019:16:23:05 +0000] "POST /grades HTTP/1.1" 304 - "-" "PostmanRuntime/7.4.0"
::1 - - [21/Jan/2019:23:21:25 +0000] "POST /grades HTTP/1.1" 304 - "-" "PostmanRuntime/7.4.0"
::1 - - [21/Jan/2019:23:23:33 +0000] "POST /grades HTTP/1.1" 304 - "-" "PostmanRuntime/7.4.0"
::1 - - [21/Jan/2019:23:23:57 +0000] "GET /grades/1 HTTP/1.1" 200 2 "-" "PostmanRuntime/7.4.0"
::1 - - [21/Jan/2019:23:28:04 +0000] "POST /grades HTTP/1.1" 304 - "-" "PostmanRuntime/7.4.0"
::1 - - [21/Jan/2019:23:30:34 +0000] "POST /grades HTTP/1.1" 304 - "-" "PostmanRuntime/7.4.0"
::1 - - [21/Jan/2019:23:31:53 +0000] "POST /grades HTTP/1.1" 304 - "-" "PostmanRuntime/7.4.0"
::1 - - [21/Jan/2019:23:33:25 +0000] "POST /grades HTTP/1.1" 404 25 "-" "PostmanRuntime/7.4.0"
::1 - - [21/Jan/2019:23:41:30 +0000] "POST /grades HTTP/1.1" 400 25 "-" "PostmanRuntime/7.4.0"
::1 - - [21/Jan/2019:23:41:47 +0000] "POST /grades HTTP/1.1" 400 25 "-" "PostmanRuntime/7.4.0"
::1 - - [21/Jan/2019:23:41:57 +0000] "POST /grades HTTP/1.1" 400 25 "-" "PostmanRuntime/7.4.0"
::1 - - [21/Jan/2019:23:42:15 +0000] "POST /grades HTTP/1.1" 400 25 "-" "PostmanRuntime/7.4.0"
::1 - - [21/Jan/2019:23:42:31 +0000] "POST /grades/3 HTTP/1.1" 404 148 "-" "PostmanRuntime/7.4.0"
::1 - - [21/Jan/2019:23:42:42 +0000] "GET /grades/3 HTTP/1.1" 200 2 "-" "PostmanRuntime/7.4.0"
::1 - - [21/Jan/2019:23:42:55 +0000] "POST /grades HTTP/1.1" 400 25 "-" "PostmanRuntime/7.4.0"
::1 - - [21/Jan/2019:23:44:29 +0000] "POST /grades HTTP/1.1" 400 25 "-" "PostmanRuntime/7.4.0"
::1 - - [21/Jan/2019:23:45:43 +0000] "POST /grades HTTP/1.1" 200 19 "-" "PostmanRuntime/7.4.0"
::1 - - [21/Jan/2019:23:56:18 +0000] "GET / HTTP/1.1" 200 251 "-" "Mozilla/5.0 (Macintosh; Intel Mac OS X 10_12_6) AppleWebKit/537.36 (KHTML, like Gecko) Chrome/71.0.3578.98 Safari/537.36"
::1 - - [21/Jan/2019:23:56:18 +0000] "GET /stylesheets/style.css HTTP/1.1" 200 111 "http://localhost:3000/" "Mozilla/5.0 (Macintosh; Intel Mac OS X 10_12_6) AppleWebKit/537.36 (KHTML, like Gecko) Chrome/71.0.3578.98 Safari/537.36"
::1 - - [21/Jan/2019:23:56:40 +0000] "GET /grades HTTP/1.1" 200 2 "-" "Mozilla/5.0 (Macintosh; Intel Mac OS X 10_12_6) AppleWebKit/537.36 (KHTML, like Gecko) Chrome/71.0.3578.98 Safari/537.36"
::1 - - [21/Jan/2019:23:56:48 +0000] "POST /grades HTTP/1.1" 200 19 "-" "PostmanRuntime/7.4.0"
::1 - - [21/Jan/2019:23:57:00 +0000] "POST /grades HTTP/1.1" 200 19 "-" "PostmanRuntime/7.4.0"
::1 - - [21/Jan/2019:23:57:03 +0000] "GET /grades HTTP/1.1" 200 119 "-" "Mozilla/5.0 (Macintosh; Intel Mac OS X 10_12_6) AppleWebKit/537.36 (KHTML, like Gecko) Chrome/71.0.3578.98 Safari/537.36"
::1 - - [21/Jan/2019:23:57:12 +0000] "GET /grades/1 HTTP/1.1" 200 58 "-" "Mozilla/5.0 (Macintosh; Intel Mac OS X 10_12_6) AppleWebKit/537.36 (KHTML, like Gecko) Chrome/71.0.3578.98 Safari/537.36"
::1 - - [21/Jan/2019:23:57:38 +0000] "DELETE /grades/1 HTTP/1.1" 200 21 "-" "PostmanRuntime/7.4.0"
::1 - - [21/Jan/2019:23:57:43 +0000] "GET /grades/1 HTTP/1.1" 200 2 "-" "Mozilla/5.0 (Macintosh; Intel Mac OS X 10_12_6) AppleWebKit/537.36 (KHTML, like Gecko) Chrome/71.0.3578.98 Safari/537.36"
::1 - - [21/Jan/2019:23:57:47 +0000] "GET /grades HTTP/1.1" 200 60 "-" "Mozilla/5.0 (Macintosh; Intel Mac OS X 10_12_6) AppleWebKit/537.36 (KHTML, like Gecko) Chrome/71.0.3578.98 Safari/537.36"
::1 - - [21/Jan/2019:23:57:58 +0000] "POST /grades/1 HTTP/1.1" 404 148 "-" "PostmanRuntime/7.4.0"
::1 - - [21/Jan/2019:23:58:17 +0000] "POST /grades HTTP/1.1" 200 19 "-" "PostmanRuntime/7.4.0"
::1 - - [21/Jan/2019:23:58:26 +0000] "GET /grades HTTP/1.1" 200 119 "-" "PostmanRuntime/7.4.0"
::1 - - [21/Jan/2019:23:59:26 +0000] "POST /grades HTTP/1.1" 400 1024 "-" "PostmanRuntime/7.4.0"
::1 - - [22/Jan/2019:00:00:04 +0000] "POST /grades HTTP/1.1" 200 19 "-" "PostmanRuntime/7.4.0"
::1 - - [22/Jan/2019:00:00:15 +0000] "POST /grades HTTP/1.1" 200 19 "-" "PostmanRuntime/7.4.0"
::1 - - [22/Jan/2019:00:00:32 +0000] "PUT /grades/2 HTTP/1.1" 200 21 "-" "PostmanRuntime/7.4.0"
::1 - - [22/Jan/2019:00:00:40 +0000] "PUT /grades/2 HTTP/1.1" 400 1024 "-" "PostmanRuntime/7.4.0"
::1 - - [22/Jan/2019:00:02:17 +0000] "PUT /grades/2 HTTP/1.1" 200 21 "-" "PostmanRuntime/7.4.0"
::1 - - [22/Jan/2019:00:02:21 +0000] "PUT /grades/2 HTTP/1.1" 200 21 "-" "PostmanRuntime/7.4.0"
::1 - - [22/Jan/2019:00:02:30 +0000] "GET /grades HTTP/1.1" 200 117 "-" "Mozilla/5.0 (Macintosh; Intel Mac OS X 10_12_6) AppleWebKit/537.36 (KHTML, like Gecko) Chrome/71.0.3578.98 Safari/537.36"
::1 - - [22/Jan/2019:00:03:02 +0000] "PUT /grades/2 HTTP/1.1" 200 21 "-" "PostmanRuntime/7.4.0"
::1 - - [22/Jan/2019:00:03:06 +0000] "GET /grades HTTP/1.1" 304 - "-" "Mozilla/5.0 (Macintosh; Intel Mac OS X 10_12_6) AppleWebKit/537.36 (KHTML, like Gecko) Chrome/71.0.3578.98 Safari/537.36"
::1 - - [22/Jan/2019:00:04:17 +0000] "POST /grades HTTP/1.1" 200 19 "-" "PostmanRuntime/7.4.0"
::1 - - [22/Jan/2019:00:04:18 +0000] "POST /grades HTTP/1.1" 200 19 "-" "PostmanRuntime/7.4.0"
::1 - - [22/Jan/2019:00:04:20 +0000] "POST /grades HTTP/1.1" 200 19 "-" "PostmanRuntime/7.4.0"
::1 - - [22/Jan/2019:00:04:41 +0000] "GET /grades HTTP/1.1" 200 175 "-" "Mozilla/5.0 (Macintosh; Intel Mac OS X 10_12_6) AppleWebKit/537.36 (KHTML, like Gecko) Chrome/71.0.3578.98 Safari/537.36"
::1 - - [22/Jan/2019:00:05:12 +0000] "PUT /grades/2 HTTP/1.1" 400 28 "-" "PostmanRuntime/7.4.0"
::1 - - [22/Jan/2019:00:06:10 +0000] "PUT /grades/2 HTTP/1.1" 400 41 "-" "PostmanRuntime/7.4.0"
::1 - - [22/Jan/2019:00:08:29 +0000] "PUT /grades/2 HTTP/1.1" 304 - "-" "PostmanRuntime/7.4.0"
::1 - - [22/Jan/2019:00:08:37 +0000] "PUT /grades/2 HTTP/1.1" 304 - "-" "PostmanRuntime/7.4.0"
::1 - - [22/Jan/2019:00:08:53 +0000] "POST /grades HTTP/1.1" 200 19 "-" "PostmanRuntime/7.4.0"
::1 - - [22/Jan/2019:00:09:09 +0000] "PUT /grades/2 HTTP/1.1" 400 41 "-" "PostmanRuntime/7.4.0"
::1 - - [22/Jan/2019:00:15:53 +0000] "PUT /grades/2 HTTP/1.1" 200 21 "-" "PostmanRuntime/7.4.0"
::1 - - [22/Jan/2019:00:16:05 +0000] "GET /grades HTTP/1.1" 200 4 "-" "Mozilla/5.0 (Macintosh; Intel Mac OS X 10_12_6) AppleWebKit/537.36 (KHTML, like Gecko) Chrome/71.0.3578.98 Safari/537.36"
::1 - - [22/Jan/2019:00:16:42 +0000] "POST /grades/2 HTTP/1.1" 404 148 "-" "PostmanRuntime/7.4.0"
::1 - - [22/Jan/2019:00:17:10 +0000] "POST /grades/2 HTTP/1.1" 404 148 "-" "PostmanRuntime/7.4.0"
::1 - - [22/Jan/2019:00:17:18 +0000] "POST /grades HTTP/1.1" 200 19 "-" "PostmanRuntime/7.4.0"
::1 - - [22/Jan/2019:00:17:29 +0000] "GET /grades HTTP/1.1" 200 7 "-" "Mozilla/5.0 (Macintosh; Intel Mac OS X 10_12_6) AppleWebKit/537.36 (KHTML, like Gecko) Chrome/71.0.3578.98 Safari/537.36"
::1 - - [22/Jan/2019:00:18:31 +0000] "POST /grades HTTP/1.1" 400 25 "-" "PostmanRuntime/7.4.0"
::1 - - [22/Jan/2019:00:21:35 +0000] "POST /grades HTTP/1.1" 400 24 "-" "PostmanRuntime/7.4.0"
::1 - - [22/Jan/2019:00:22:16 +0000] "PUT /grades/1 HTTP/1.1" 400 24 "-" "PostmanRuntime/7.4.0"
::1 - - [22/Jan/2019:00:22:39 +0000] "POST /grades HTTP/1.1" 200 19 "-" "PostmanRuntime/7.4.0"
::1 - - [22/Jan/2019:00:22:44 +0000] "GET /grades HTTP/1.1" 200 59 "-" "Mozilla/5.0 (Macintosh; Intel Mac OS X 10_12_6) AppleWebKit/537.36 (KHTML, like Gecko) Chrome/71.0.3578.98 Safari/537.36"
::1 - - [22/Jan/2019:00:22:53 +0000] "POST /grades/2 HTTP/1.1" 404 148 "-" "PostmanRuntime/7.4.0"
::1 - - [22/Jan/2019:00:22:57 +0000] "GET /grades/2 HTTP/1.1" 200 57 "-" "PostmanRuntime/7.4.0"
::1 - - [22/Jan/2019:00:23:10 +0000] "POST /grades HTTP/1.1" 400 41 "-" "PostmanRuntime/7.4.0"
::1 - - [22/Jan/2019:00:23:18 +0000] "POST /grades HTTP/1.1" 200 19 "-" "PostmanRuntime/7.4.0"
::1 - - [22/Jan/2019:00:23:22 +0000] "GET /grades HTTP/1.1" 200 117 "-" "Mozilla/5.0 (Macintosh; Intel Mac OS X 10_12_6) AppleWebKit/537.36 (KHTML, like Gecko) Chrome/71.0.3578.98 Safari/537.36"
